2018-09-27 19:56:51,185 - info - DEBUG - 开始 ... 
2018-09-27 19:56:51,209 - info - DEBUG - 菜单
2018-09-27 19:56:51,209 - info - DEBUG - 菜单
2018-09-27 19:57:40,597 - info - DEBUG - 开始 ... 
2018-09-27 19:57:40,598 - info - DEBUG - 菜单
2018-09-27 19:57:40,598 - info - DEBUG - 菜单
2018-09-27 19:57:48,872 - info - DEBUG - 进入
2018-09-27 19:57:48,872 - info - DEBUG - 进入
2018-09-27 19:57:48,872 - info - DEBUG - 进入
2018-09-27 19:57:48,873 - info - DEBUG - 账户余额 
2018-09-27 19:57:48,873 - info - DEBUG - 账户余额 
2018-09-27 19:57:48,873 - info - DEBUG - 账户余额 
2018-09-27 19:57:48,873 - info - DEBUG - 账户余额 
2018-09-27 19:57:51,124 - info - DEBUG - 开始 ... 
2018-09-27 19:57:51,124 - info - DEBUG - 开始 ... 
2018-09-27 19:57:51,124 - info - DEBUG - 开始 ... 
2018-09-27 19:57:51,124 - info - DEBUG - 开始 ... 
2018-09-27 19:57:51,124 - info - DEBUG - 开始 ... 
2018-09-27 19:57:51,126 - info - DEBUG - 菜单
2018-09-27 19:57:51,126 - info - DEBUG - 菜单
2018-09-27 19:57:51,126 - info - DEBUG - 菜单
2018-09-27 19:57:51,126 - info - DEBUG - 菜单
2018-09-27 19:57:51,126 - info - DEBUG - 菜单
2018-09-27 19:57:51,126 - info - DEBUG - 菜单
2018-09-27 19:57:52,160 - info - DEBUG - 进入
2018-09-27 19:57:52,160 - info - DEBUG - 进入
2018-09-27 19:57:52,160 - info - DEBUG - 进入
2018-09-27 19:57:52,160 - info - DEBUG - 进入
2018-09-27 19:57:52,160 - info - DEBUG - 进入
2018-09-27 19:57:52,160 - info - DEBUG - 进入
2018-09-27 19:57:52,160 - info - DEBUG - 进入
2018-09-27 19:57:52,162 - info - DEBUG - 账户余额 
2018-09-27 19:57:52,162 - info - DEBUG - 账户余额 
2018-09-27 19:57:52,162 - info - DEBUG - 账户余额 
2018-09-27 19:57:52,162 - info - DEBUG - 账户余额 
2018-09-27 19:57:52,162 - info - DEBUG - 账户余额 
2018-09-27 19:57:52,162 - info - DEBUG - 账户余额 
2018-09-27 19:57:52,162 - info - DEBUG - 账户余额 
2018-09-27 19:57:52,162 - info - DEBUG - 账户余额 
2018-09-27 19:57:52,165 - info - DEBUG - 开始 ... 
2018-09-27 19:57:52,165 - info - DEBUG - 开始 ... 
2018-09-27 19:57:52,165 - info - DEBUG - 开始 ... 
2018-09-27 19:57:52,165 - info - DEBUG - 开始 ... 
2018-09-27 19:57:52,165 - info - DEBUG - 开始 ... 
2018-09-27 19:57:52,165 - info - DEBUG - 开始 ... 
2018-09-27 19:57:52,165 - info - DEBUG - 开始 ... 
2018-09-27 19:57:52,165 - info - DEBUG - 开始 ... 
2018-09-27 19:57:52,165 - info - DEBUG - 开始 ... 
2018-09-27 19:57:52,167 - info - DEBUG - 菜单
2018-09-27 19:57:52,167 - info - DEBUG - 菜单
2018-09-27 19:57:52,167 - info - DEBUG - 菜单
2018-09-27 19:57:52,167 - info - DEBUG - 菜单
2018-09-27 19:57:52,167 - info - DEBUG - 菜单
2018-09-27 19:57:52,167 - info - DEBUG - 菜单
2018-09-27 19:57:52,167 - info - DEBUG - 菜单
2018-09-27 19:57:52,167 - info - DEBUG - 菜单
2018-09-27 19:57:52,167 - info - DEBUG - 菜单
2018-09-27 19:57:52,167 - info - DEBUG - 菜单
2018-09-27 19:57:53,256 - info - DEBUG - 进入
2018-09-27 19:57:53,256 - info - DEBUG - 进入
2018-09-27 19:57:53,256 - info - DEBUG - 进入
2018-09-27 19:57:53,256 - info - DEBUG - 进入
2018-09-27 19:57:53,256 - info - DEBUG - 进入
2018-09-27 19:57:53,256 - info - DEBUG - 进入
2018-09-27 19:57:53,256 - info - DEBUG - 进入
2018-09-27 19:57:53,256 - info - DEBUG - 进入
2018-09-27 19:57:53,256 - info - DEBUG - 进入
2018-09-27 19:57:53,256 - info - DEBUG - 进入
2018-09-27 19:57:53,256 - info - DEBUG - 进入
2018-09-27 19:57:53,259 - info - DEBUG - 转账 
2018-09-27 19:57:53,259 - info - DEBUG - 转账 
2018-09-27 19:57:53,259 - info - DEBUG - 转账 
2018-09-27 19:57:53,259 - info - DEBUG - 转账 
2018-09-27 19:57:53,259 - info - DEBUG - 转账 
2018-09-27 19:57:53,259 - info - DEBUG - 转账 
2018-09-27 19:57:53,259 - info - DEBUG - 转账 
2018-09-27 19:57:53,259 - info - DEBUG - 转账 
2018-09-27 19:57:53,259 - info - DEBUG - 转账 
2018-09-27 19:57:53,259 - info - DEBUG - 转账 
2018-09-27 19:57:53,259 - info - DEBUG - 转账 
2018-09-27 19:57:53,259 - info - DEBUG - 转账 
